CRITICAL(123145387581440): 2020-03-31 17:56:34 - found exception, testing...
CRITICAL(123145533644800): 2020-03-31 17:57:23 - found exception, testing...
CRITICAL(123145364996096): 2020-03-31 17:57:51 - found exception, testing...
CRITICAL(123145364996096): 2020-03-31 17:59:36 - found exception, testing...
CRITICAL(123145481601024): 2020-03-31 18:00:50 - found exception, testing...
CRITICAL(123145407172608): 2020-03-31 18:22:41 - found exception, testing...
CRITICAL(123145467760640): 2020-03-31 18:23:07 - found exception, testing...
CRITICAL(123145346760704): 2020-03-31 18:23:49 - found exception, testing...
CRITICAL(123145346760704): 2020-03-31 18:24:24 - found exception, testing...
CRITICAL(123145558323200): 2020-03-31 18:24:36 - found exception, testing...
CRITICAL(123145411641344): 2020-03-31 18:24:49 - found exception, testing...
CRITICAL(123145494888448): 2020-03-31 18:29:10 - found exception, testing...
CRITICAL(123145632190464): 2020-04-01 16:27:30 - found exception, testing...
CRITICAL(123145541320704): 2020-04-01 16:37:41 - found exception, testing...
ERROR(123145337962496): 2020-04-01 17:53:24 - Found exception: 'NoneType' object is not iterable
ERROR(123145534943232): 2020-04-01 17:54:05 - Found exception: 'NoneType' object is not iterable
ERROR(123145413492736): 2020-04-01 17:55:41 - Found exception: 'NoneType' object is not iterable
ERROR(123145546010624): 2020-04-01 17:56:27 - Found exception: 'NoneType' object is not iterable
ERROR(123145548017664): 2020-04-01 17:57:11 - Found exception: 'NoneType' object is not iterable
ERROR(123145548017664): 2020-04-01 17:57:19 - Found exception: 'NoneType' object is not iterable
ERROR(123145435713536): 2020-04-01 17:59:36 - Found exception: 'NoneType' object is not iterable
ERROR(123145506910208): 2020-04-01 18:00:47 - Found exception: 'NoneType' object is not iterable
ERROR(123145409650688): 2020-04-01 18:02:38 - Found exception: 'NoneType' object is not iterable
ERROR(123145388998656): 2020-04-01 18:03:14 - Found exception: 'NoneType' object is not iterable
ERROR(123145474633728): 2020-04-01 18:04:37 - Found exception: 'NoneType' object is not iterable
ERROR(123145476177920): 2020-04-01 18:04:56 - Found exception: 'NoneType' object is not iterable
ERROR(123145396125696): 2020-04-01 18:08:30 - Found exception: testing...
ERROR(123145350279168): 2020-04-01 18:09:28 - Found exception: testing...
ERROR(123145560936448): 2020-04-01 19:02:54 - Check for stat EV splits in stat mapping setup accounted for: failed
ERROR(123145560936448): 2020-04-01 19:02:54 - Check for amount of pokemon in all days account for amount of pokemon needs in stat mapping: not been done
ERROR(123145560936448): 2020-04-01 19:02:54 - Check for total EV's for each pokemon in all days account for their EV needs: not been done
